e:\source code\opengl\opengl\opengl\bin\intermediate\debug\vc140.pdb
e:\source code\opengl\opengl\opengl\bin\intermediate\debug\vc140.idb
e:\source code\opengl\opengl\opengl\bin\intermediate\debug\stb_image.obj
e:\source code\opengl\opengl\opengl\bin\intermediate\debug\glerrorcheck.obj
e:\source code\opengl\opengl\opengl\bin\intermediate\debug\shader.obj
e:\source code\opengl\opengl\opengl\bin\intermediate\debug\vertexbufferlayout.obj
e:\source code\opengl\opengl\opengl\bin\intermediate\debug\indexbuffer.obj
e:\source code\opengl\opengl\opengl\bin\intermediate\debug\renderer.obj
e:\source code\opengl\opengl\opengl\bin\intermediate\debug\source.obj
e:\source code\opengl\opengl\opengl\bin\intermediate\debug\vertexbuffer.obj
e:\source code\opengl\opengl\opengl\bin\intermediate\debug\vertexarray.obj
e:\source code\opengl\opengl\opengl\bin\intermediate\debug\texture2d.obj
e:\source code\opengl\opengl\opengl\bin\intermediate\debug\glm.obj
e:\source code\opengl\opengl\opengl\bin\debug\opengl.ilk
e:\source code\opengl\opengl\opengl\bin\debug\opengl.exe
e:\source code\opengl\opengl\opengl\bin\debug\opengl.pdb
e:\source code\opengl\opengl\opengl\bin\intermediate\debug\opengl.tlog\cl.command.1.tlog
e:\source code\opengl\opengl\opengl\bin\intermediate\debug\opengl.tlog\cl.read.1.tlog
e:\source code\opengl\opengl\opengl\bin\intermediate\debug\opengl.tlog\cl.write.1.tlog
e:\source code\opengl\opengl\opengl\bin\intermediate\debug\opengl.tlog\link.command.1.tlog
e:\source code\opengl\opengl\opengl\bin\intermediate\debug\opengl.tlog\link.read.1.tlog
e:\source code\opengl\opengl\opengl\bin\intermediate\debug\opengl.tlog\link.write.1.tlog
